0 info it worked if it ends with ok
1 verbose cli [ '/usr/local/bin/node',
1 verbose cli   '/usr/local/bin/npm',
1 verbose cli   'run',
1 verbose cli   'build-watch' ]
2 info using npm@3.10.10
3 info using node@v7.2.1
4 verbose run-script [ 'prebuild-watch', 'build-watch', 'postbuild-watch' ]
5 info lifecycle redux-minimal@1.0.0~prebuild-watch: redux-minimal@1.0.0
6 silly lifecycle redux-minimal@1.0.0~prebuild-watch: no script for prebuild-watch, continuing
7 info lifecycle redux-minimal@1.0.0~build-watch: redux-minimal@1.0.0
8 verbose lifecycle redux-minimal@1.0.0~build-watch: unsafe-perm in lifecycle true
9 verbose lifecycle redux-minimal@1.0.0~build-watch: PATH: /usr/local/lib/node_modules/npm/bin/node-gyp-bin:/home/kinoto/projects/anon_fl_frontend/node_modules/.bin:/home/kinoto/bin:/home/kinoto/.local/bin:/home/kinoto/golang/bin:/usr/local/sbin:/usr/local/bin:/usr/sbin:/usr/bin:/sbin:/bin:/usr/games:/usr/local/games:/usr/lib/jvm/java-8-oracle:/snap/bin:/usr/lib/jvm/java-8-oracle/bin:/usr/lib/jvm/java-8-oracle/db/bin:/usr/lib/jvm/java-8-oracle/jre/bin
10 verbose lifecycle redux-minimal@1.0.0~build-watch: CWD: /home/kinoto/projects/anon_fl_frontend
11 silly lifecycle redux-minimal@1.0.0~build-watch: Args: [ '-c', 'webpack --watch --config webpack.dev.config.js' ]
12 silly lifecycle redux-minimal@1.0.0~build-watch: Returned: code: 1  signal: null
13 info lifecycle redux-minimal@1.0.0~build-watch: Failed to exec build-watch script
14 verbose stack Error: redux-minimal@1.0.0 build-watch: `webpack --watch --config webpack.dev.config.js`
14 verbose stack Exit status 1
14 verbose stack     at EventEmitter.<anonymous> (/usr/local/lib/node_modules/npm/lib/utils/lifecycle.js:255:16)
14 verbose stack     at emitTwo (events.js:106:13)
14 verbose stack     at EventEmitter.emit (events.js:191:7)
14 verbose stack     at ChildProcess.<anonymous> (/usr/local/lib/node_modules/npm/lib/utils/spawn.js:40:14)
14 verbose stack     at emitTwo (events.js:106:13)
14 verbose stack     at ChildProcess.emit (events.js:191:7)
14 verbose stack     at maybeClose (internal/child_process.js:885:16)
14 verbose stack     at Process.ChildProcess._handle.onexit (internal/child_process.js:226:5)
15 verbose pkgid redux-minimal@1.0.0
16 verbose cwd /home/kinoto/projects/anon_fl_frontend
17 error Linux 4.4.0-59-generic
18 error argv "/usr/local/bin/node" "/usr/local/bin/npm" "run" "build-watch"
19 error node v7.2.1
20 error npm  v3.10.10
21 error code ELIFECYCLE
22 error redux-minimal@1.0.0 build-watch: `webpack --watch --config webpack.dev.config.js`
22 error Exit status 1
23 error Failed at the redux-minimal@1.0.0 build-watch script 'webpack --watch --config webpack.dev.config.js'.
23 error Make sure you have the latest version of node.js and npm installed.
23 error If you do, this is most likely a problem with the redux-minimal package,
23 error not with npm itself.
23 error Tell the author that this fails on your system:
23 error     webpack --watch --config webpack.dev.config.js
23 error You can get information on how to open an issue for this project with:
23 error     npm bugs redux-minimal
23 error Or if that isn't available, you can get their info via:
23 error     npm owner ls redux-minimal
23 error There is likely additional logging output above.
24 verbose exit [ 1, true ]
